[    23.145] 
X.Org X Server 1.19.2
Release Date: 2017-03-02
[    23.145] X Protocol Version 11, Revision 0
[    23.145] Build Operating System: Linux 4.9.0-4-amd64 x86_64 Debian
[    23.145] Current Operating System: Linux Mr-Donaldo-Laptop 4.9.0-6-amd64 #1 SMP Debian 4.9.82-1+deb9u3 (2018-03-02) x86_64
[    23.145] Kernel command line: BOOT_IMAGE=/boot/vmlinuz-4.9.0-6-amd64 root=UUID=431351a9-a892-4a93-b6e6-f398a6f64994 ro quiet
[    23.145] Build Date: 16 October 2017  08:19:45AM
[    23.145] xorg-server 2:1.19.2-1+deb9u2 (https://www.debian.org/support) 
[    23.145] Current version of pixman: 0.34.0
[    23.145] 	Before reporting problems, check http://wiki.x.org
	to make sure that you have the latest version.
[    23.145] Markers: (--) probed, (**) from config file, (==) default setting,
	(++) from command line, (!!) notice, (II) informational,
	(WW) warning, (EE) error, (NI) not implemented, (??) unknown.
[    23.145] (==) Log file: "/var/log/Xorg.0.log", Time: Mon Sep 30 19:13:04 2019
[    23.158] (==) Using system config directory "/usr/share/X11/xorg.conf.d"
[    23.172] (==) No Layout section.  Using the first Screen section.
[    23.172] (==) No screen section available. Using defaults.
[    23.172] (**) |-->Screen "Default Screen Section" (0)
[    23.172] (**) |   |-->Monitor "<default monitor>"
[    23.172] (==) No monitor specified for screen "Default Screen Section".
	Using a default monitor configuration.
[    23.172] (==) Automatically adding devices
[    23.172] (==) Automatically enabling devices
[    23.172] (==) Automatically adding GPU devices
[    23.172] (==) Max clients allowed: 256, resource mask: 0x1fffff
[    23.213] (WW) The directory "/usr/share/fonts/X11/cyrillic" does not exist.
[    23.213] 	Entry deleted from font path.
[    23.219] (==) FontPath set to:
	/usr/share/fonts/X11/misc,
	/usr/share/fonts/X11/100dpi/:unscaled,
	/usr/share/fonts/X11/75dpi/:unscaled,
	/usr/share/fonts/X11/Type1,
	/usr/share/fonts/X11/100dpi,
	/usr/share/fonts/X11/75dpi,
	built-ins
[    23.219] (==) ModulePath set to "/usr/lib/xorg/modules"
[    23.219] (II) The server relies on udev to provide the list of input devices.
	If no devices become available, reconfigure udev or disable AutoAddDevices.
[    23.219] (II) Loader magic: 0x5586896f5e00
[    23.219] (II) Module ABI versions:
[    23.219] 	X.Org ANSI C Emulation: 0.4
[    23.219] 	X.Org Video Driver: 23.0
[    23.219] 	X.Org XInput driver : 24.1
[    23.219] 	X.Org Server Extension : 10.0
[    23.220] (++) using VT number 7

[    23.220] (II) systemd-logind: logind integration requires -keeptty and -keeptty was not provided, disabling logind integration
[    23.220] (II) xfree86: Adding drm device (/dev/dri/card0)
[    23.232] (--) PCI:*(0:0:2:0) 8086:5916:1028:0740 rev 2, Mem @ 0xd0000000/16777216, 0xc0000000/268435456, I/O @ 0x0000f000/64, BIOS @ 0x????????/131072
[    23.232] (II) LoadModule: "glx"
[    23.250] (II) Loading /usr/lib/xorg/modules/extensions/libglx.so
[    23.338] (II) Module glx: vendor="X.Org Foundation"
[    23.338] 	compiled for 1.19.2, module version = 1.0.0
[    23.338] 	ABI class: X.Org Server Extension, version 10.0
[    23.338] (==) Matched modesetting as autoconfigured driver 0
[    23.338] (==) Matched fbdev as autoconfigured driver 1
[    23.338] (==) Matched vesa as autoconfigured driver 2
[    23.338] (==) Assigned the driver to the xf86ConfigLayout
[    23.338] (II) LoadModule: "modesetting"
[    23.338] (II) Loading /usr/lib/xorg/modules/drivers/modesetting_drv.so
[    23.353] (II) Module modesetting: vendor="X.Org Foundation"
[    23.354] 	compiled for 1.19.2, module version = 1.19.2
[    23.354] 	Module class: X.Org Video Driver
[    23.354] 	ABI class: X.Org Video Driver, version 23.0
[    23.354] (II) LoadModule: "fbdev"
[    23.354] (II) Loading /usr/lib/xorg/modules/drivers/fbdev_drv.so
[    23.358] (II) Module fbdev: vendor="X.Org Foundation"
[    23.358] 	compiled for 1.19.0, module version = 0.4.4
[    23.358] 	Module class: X.Org Video Driver
[    23.358] 	ABI class: X.Org Video Driver, version 23.0
[    23.358] (II) LoadModule: "vesa"
[    23.358] (II) Loading /usr/lib/xorg/modules/drivers/vesa_drv.so
[    23.365] (II) Module vesa: vendor="X.Org Foundation"
[    23.365] 	compiled for 1.19.0, module version = 2.3.4
[    23.365] 	Module class: X.Org Video Driver
[    23.365] 	ABI class: X.Org Video Driver, version 23.0
[    23.365] (II) modesetting: Driver for Modesetting Kernel Drivers: kms
[    23.365] (II) FBDEV: driver for framebuffer: fbdev
[    23.365] (II) VESA: driver for VESA chipsets: vesa
[    23.397] (II) modeset(0): using drv /dev/dri/card0
[    23.398] (WW) Falling back to old probe method for fbdev
[    23.398] (II) Loading sub module "fbdevhw"
[    23.398] (II) LoadModule: "fbdevhw"
[    23.399] (II) Loading /usr/lib/xorg/modules/libfbdevhw.so
[    23.400] (II) Module fbdevhw: vendor="X.Org Foundation"
[    23.400] 	compiled for 1.19.2, module version = 0.0.2
[    23.400] 	ABI class: X.Org Video Driver, version 23.0
[    23.400] (WW) Falling back to old probe method for vesa
[    23.400] (II) modeset(0): Creating default Display subsection in Screen section
	"Default Screen Section" for depth/fbbpp 24/32
[    23.401] (==) modeset(0): Depth 24, (==) framebuffer bpp 32
[    23.401] (==) modeset(0): RGB weight 888
[    23.401] (==) modeset(0): Default visual is TrueColor
[    23.401] (II) Loading sub module "glamoregl"
[    23.401] (II) LoadModule: "glamoregl"
[    23.401] (II) Loading /usr/lib/xorg/modules/libglamoregl.so
[    23.460] (II) Module glamoregl: vendor="X.Org Foundation"
[    23.460] 	compiled for 1.19.2, module version = 1.0.0
[    23.460] 	ABI class: X.Org ANSI C Emulation, version 0.4
[    23.460] (II) glamor: OpenGL accelerated X.org driver based.
[    23.704] (II) glamor: EGL version 1.4 (DRI2):
[    23.759] (II) modeset(0): glamor initialized
[    23.762] (II) modeset(0): Output eDP-1 has no monitor section
[    23.793] (II) modeset(0): Output HDMI-1 has no monitor section
[    23.796] (II) modeset(0): EDID for output eDP-1
[    23.796] (II) modeset(0): Manufacturer: BOE  Model: 6a7  Serial#: 0
[    23.796] (II) modeset(0): Year: 2015  Week: 1
[    23.796] (II) modeset(0): EDID Version: 1.4
[    23.796] (II) modeset(0): Digital Display Input
[    23.796] (II) modeset(0): 6 bits per channel
[    23.796] (II) modeset(0): Digital interface is DisplayPort
[    23.796] (II) modeset(0): Max Image Size [cm]: horiz.: 29  vert.: 17
[    23.796] (II) modeset(0): Gamma: 2.20
[    23.796] (II) modeset(0): No DPMS capabilities specified
[    23.796] (II) modeset(0): Supported color encodings: RGB 4:4:4 YCrCb 4:4:4 
[    23.796] (II) modeset(0): First detailed timing is preferred mode
[    23.796] (II) modeset(0): Preferred mode is native pixel format and refresh rate
[    23.796] (II) modeset(0): redX: 0.599 redY: 0.353   greenX: 0.337 greenY: 0.568
[    23.796] (II) modeset(0): blueX: 0.167 blueY: 0.141   whiteX: 0.312 whiteY: 0.328
[    23.796] (II) modeset(0): Manufacturer's mask: 0
[    23.796] (II) modeset(0): Supported detailed timing:
[    23.796] (II) modeset(0): clock: 138.8 MHz   Image Size:  294 x 165 mm
[    23.796] (II) modeset(0): h_active: 1920  h_sync: 1968  h_sync_end 2000 h_blank_end 2080 h_border: 0
[    23.796] (II) modeset(0): v_active: 1080  v_sync: 1083  v_sync_end 1088 v_blanking: 1112 v_border: 0
[    23.796] (II) modeset(0): Supported detailed timing:
[    23.796] (II) modeset(0): clock: 111.0 MHz   Image Size:  294 x 165 mm
[    23.796] (II) modeset(0): h_active: 1920  h_sync: 1968  h_sync_end 2000 h_blank_end 2080 h_border: 0
[    23.796] (II) modeset(0): v_active: 1080  v_sync: 1083  v_sync_end 1088 v_blanking: 1112 v_border: 0
[    23.796] (II) modeset(0):  6NKDX€NV13FHM
[    23.796] (II) modeset(0): Unknown vendor-specific block 0
[    23.796] (II) modeset(0): EDID (in hex):
[    23.796] (II) modeset(0): 	00ffffffffffff0009e5a70600000000
[    23.796] (II) modeset(0): 	01190104951d11780a56c0995a56912a
[    23.796] (II) modeset(0): 	24505400000001010101010101010101
[    23.796] (II) modeset(0): 	010101010101363680a0703820403020
[    23.796] (II) modeset(0): 	350026a51000001a5e2b80a070382040
[    23.796] (II) modeset(0): 	3020350026a51000001a000000fe0036
[    23.796] (II) modeset(0): 	4e4b4458804e56313346484d00000000
[    23.796] (II) modeset(0): 	00004101940010000009010a202000d6
[    23.797] (II) modeset(0): Printing probed modes for output eDP-1
[    23.797] (II) modeset(0): Modeline "1920x1080"x60.0  138.78  1920 1968 2000 2080  1080 1083 1088 1112 +hsync -vsync (66.7 kHz eP)
[    23.797] (II) modeset(0): Modeline "1920x1080"x59.9  138.50  1920 1968 2000 2080  1080 1083 1088 1111 +hsync -vsync (66.6 kHz d)
[    23.797] (II) modeset(0): Modeline "1920x1080"x48.0  111.02  1920 1968 2000 2080  1080 1083 1088 1112 +hsync -vsync (53.4 kHz e)
[    23.797] (II) modeset(0): Modeline "1680x1050"x60.0  146.25  1680 1784 1960 2240  1050 1053 1059 1089 -hsync +vsync (65.3 kHz d)
[    23.797] (II) modeset(0): Modeline "1680x1050"x59.9  119.00  1680 1728 1760 1840  1050 1053 1059 1080 +hsync -vsync (64.7 kHz d)
[    23.797] (II) modeset(0): Modeline "1600x1024"x60.2  103.12  1600 1600 1656 1664  1024 1024 1029 1030 +hsync +vsync (62.0 kHz d)
[    23.797] (II) modeset(0): Modeline "1400x1050"x60.0  122.00  1400 1488 1640 1880  1050 1052 1064 1082 +hsync +vsync (64.9 kHz d)
[    23.797] (II) modeset(0): Modeline "1280x1024"x60.0  108.00  1280 1328 1440 1688  1024 1025 1028 1066 +hsync +vsync (64.0 kHz d)
[    23.797] (II) modeset(0): Modeline "1440x900"x59.9  106.50  1440 1520 1672 1904  900 903 909 934 -hsync +vsync (55.9 kHz d)
[    23.797] (II) modeset(0): Modeline "1280x960"x60.0  108.00  1280 1376 1488 1800  960 961 964 1000 +hsync +vsync (60.0 kHz d)
[    23.797] (II) modeset(0): Modeline "1360x768"x59.8   84.75  1360 1432 1568 1776  768 771 781 798 -hsync +vsync (47.7 kHz d)
[    23.797] (II) modeset(0): Modeline "1360x768"x60.0   72.00  1360 1408 1440 1520  768 771 781 790 +hsync -vsync (47.4 kHz d)
[    23.797] (II) modeset(0): Modeline "1152x864"x60.0   81.62  1152 1216 1336 1520  864 865 868 895 -hsync +vsync (53.7 kHz d)
[    23.797] (II) modeset(0): Modeline "1024x768"x120.1  133.47  1024 1100 1212 1400  768 768 770 794 doublescan -hsync +vsync (95.3 kHz d)
[    23.797] (II) modeset(0): Modeline "1024x768"x60.0   65.00  1024 1048 1184 1344  768 771 777 806 -hsync -vsync (48.4 kHz d)
[    23.797] (II) modeset(0): Modeline "960x720"x120.0  117.00  960 1024 1128 1300  720 720 722 750 doublescan -hsync +vsync (90.0 kHz d)
[    23.797] (II) modeset(0): Modeline "928x696"x120.1  109.15  928 976 1088 1264  696 696 698 719 doublescan -hsync +vsync (86.4 kHz d)
[    23.797] (II) modeset(0): Modeline "896x672"x120.0  102.40  896 960 1060 1224  672 672 674 697 doublescan -hsync +vsync (83.7 kHz d)
[    23.797] (II) modeset(0): Modeline "960x600"x120.0   77.00  960 984 1000 1040  600 601 604 617 doublescan +hsync -vsync (74.0 kHz d)
[    23.797] (II) modeset(0): Modeline "960x540"x120.0   69.25  960 984 1000 1040  540 541 544 555 doublescan +hsync -vsync (66.6 kHz d)
[    23.797] (II) modeset(0): Modeline "800x600"x120.0   81.00  800 832 928 1080  600 600 602 625 doublescan +hsync +vsync (75.0 kHz d)
[    23.797] (II) modeset(0): Modeline "800x600"x60.3   40.00  800 840 968 1056  600 601 605 628 +hsync +vsync (37.9 kHz d)
[    23.797] (II) modeset(0): Modeline "800x600"x56.2   36.00  800 824 896 1024  600 601 603 625 +hsync +vsync (35.2 kHz d)
[    23.797] (II) modeset(0): Modeline "840x525"x120.0   73.12  840 892 980 1120  525 526 529 544 doublescan -hsync +vsync (65.3 kHz d)
[    23.797] (II) modeset(0): Modeline "840x525"x119.8   59.50  840 864 880 920  525 526 529 540 doublescan +hsync -vsync (64.7 kHz d)
[    23.797] (II) modeset(0): Modeline "800x512"x120.3   51.56  800 800 828 832  512 512 514 515 doublescan +hsync +vsync (62.0 kHz d)
[    23.797] (II) modeset(0): Modeline "700x525"x120.0   61.00  700 744 820 940  525 526 532 541 doublescan +hsync +vsync (64.9 kHz d)
[    23.797] (II) modeset(0): Modeline "640x512"x120.0   54.00  640 664 720 844  512 512 514 533 doublescan +hsync +vsync (64.0 kHz d)
[    23.797] (II) modeset(0): Modeline "720x450"x119.8   53.25  720 760 836 952  450 451 454 467 doublescan -hsync +vsync (55.9 kHz d)
[    23.797] (II) modeset(0): Modeline "640x480"x120.0   54.00  640 688 744 900  480 480 482 500 doublescan +hsync +vsync (60.0 kHz d)
[    23.797] (II) modeset(0): Modeline "640x480"x59.9   25.18  640 656 752 800  480 490 492 525 -hsync -vsync (31.5 kHz d)
[    23.797] (II) modeset(0): Modeline "680x384"x119.6   42.38  680 716 784 888  384 385 390 399 doublescan -hsync +vsync (47.7 kHz d)
[    23.797] (II) modeset(0): Modeline "680x384"x119.9   36.00  680 704 720 760  384 385 390 395 doublescan +hsync -vsync (47.4 kHz d)
[    23.797] (II) modeset(0): Modeline "576x432"x120.1   40.81  576 608 668 760  432 432 434 447 doublescan -hsync +vsync (53.7 kHz d)
[    23.797] (II) modeset(0): Modeline "512x384"x120.0   32.50  512 524 592 672  384 385 388 403 doublescan -hsync -vsync (48.4 kHz d)
[    23.797] (II) modeset(0): Modeline "400x300"x120.6   20.00  400 420 484 528  300 300 302 314 doublescan +hsync +vsync (37.9 kHz d)
[    23.797] (II) modeset(0): Modeline "400x300"x112.7   18.00  400 412 448 512  300 300 301 312 doublescan +hsync +vsync (35.2 kHz d)
[    23.797] (II) modeset(0): Modeline "320x240"x120.1   12.59  320 328 376 400  240 245 246 262 doublescan -hsync -vsync (31.5 kHz d)
[    23.826] (II) modeset(0): EDID for output HDMI-1
[    23.826] (II) modeset(0): Manufacturer: BNQ  Model: 78e4  Serial#: 21573
[    23.826] (II) modeset(0): Year: 2019  Week: 4
[    23.826] (II) modeset(0): EDID Version: 1.3
[    23.826] (II) modeset(0): Digital Display Input
[    23.826] (II) modeset(0): Max Image Size [cm]: horiz.: 53  vert.: 30
[    23.826] (II) modeset(0): Gamma: 2.20
[    23.826] (II) modeset(0): DPMS capabilities: Off
[    23.826] (II) modeset(0): Supported color encodings: RGB 4:4:4 YCrCb 4:4:4 
[    23.826] (II) modeset(0): Default color space is primary color space
[    23.826] (II) modeset(0): First detailed timing is preferred mode
[    23.826] (II) modeset(0): redX: 0.662 redY: 0.330   greenX: 0.315 greenY: 0.612
[    23.826] (II) modeset(0): blueX: 0.146 blueY: 0.082   whiteX: 0.313 whiteY: 0.329
[    23.826] (II) modeset(0): Supported established timings:
[    23.826] (II) modeset(0): 720x400@70Hz
[    23.826] (II) modeset(0): 640x480@60Hz
[    23.826] (II) modeset(0): 640x480@75Hz
[    23.826] (II) modeset(0): 800x600@60Hz
[    23.826] (II) modeset(0): 800x600@75Hz
[    23.826] (II) modeset(0): 832x624@75Hz
[    23.826] (II) modeset(0): 1024x768@60Hz
[    23.826] (II) modeset(0): 1024x768@75Hz
[    23.826] (II) modeset(0): 1280x1024@75Hz
[    23.826] (II) modeset(0): 1152x864@75Hz
[    23.826] (II) modeset(0): Manufacturer's mask: 0
[    23.826] (II) modeset(0): Supported standard timings:
[    23.826] (II) modeset(0): #0: hsize: 1920  vsize 1080  refresh: 60  vid: 49361
[    23.826] (II) modeset(0): #1: hsize: 1280  vsize 720  refresh: 60  vid: 49281
[    23.826] (II) modeset(0): #2: hsize: 1280  vsize 800  refresh: 60  vid: 129
[    23.826] (II) modeset(0): #3: hsize: 1280  vsize 1024  refresh: 60  vid: 32897
[    23.826] (II) modeset(0): #4: hsize: 1600  vsize 900  refresh: 60  vid: 49321
[    23.826] (II) modeset(0): #5: hsize: 1680  vsize 1050  refresh: 60  vid: 179
[    23.826] (II) modeset(0): Supported detailed timing:
[    23.826] (II) modeset(0): clock: 148.5 MHz   Image Size:  527 x 296 mm
[    23.826] (II) modeset(0): h_active: 1920  h_sync: 2008  h_sync_end 2052 h_blank_end 2200 h_border: 0
[    23.826] (II) modeset(0): v_active: 1080  v_sync: 1084  v_sync_end 1089 v_blanking: 1125 v_border: 0
[    23.826] (II) modeset(0): Serial No: R1K01661019
[    23.826] (II) modeset(0): Ranges: V min: 50 V max: 76 Hz, H min: 30 H max: 83 kHz, PixClock max 175 MHz
[    23.826] (II) modeset(0): Monitor name: BenQ GW2470
[    23.826] (II) modeset(0): Supported detailed timing:
[    23.826] (II) modeset(0): clock: 148.5 MHz   Image Size:  527 x 296 mm
[    23.826] (II) modeset(0): h_active: 1920  h_sync: 2008  h_sync_end 2052 h_blank_end 2200 h_border: 0
[    23.826] (II) modeset(0): v_active: 1080  v_sync: 1084  v_sync_end 1089 v_blanking: 1125 v_border: 0
[    23.826] (II) modeset(0): Supported detailed timing:
[    23.826] (II) modeset(0): clock: 74.2 MHz   Image Size:  527 x 296 mm
[    23.826] (II) modeset(0): h_active: 1920  h_sync: 2008  h_sync_end 2052 h_blank_end 2200 h_border: 0
[    23.826] (II) modeset(0): v_active: 540  v_sync: 542  v_sync_end 547 v_blanking: 562 v_border: 0
[    23.826] (II) modeset(0): Supported detailed timing:
[    23.826] (II) modeset(0): clock: 74.2 MHz   Image Size:  527 x 296 mm
[    23.826] (II) modeset(0): h_active: 1280  h_sync: 1390  h_sync_end 1430 h_blank_end 1650 h_border: 0
[    23.826] (II) modeset(0): v_active: 720  v_sync: 725  v_sync_end 730 v_blanking: 750 v_border: 0
[    23.826] (II) modeset(0): Supported detailed timing:
[    23.826] (II) modeset(0): clock: 27.0 MHz   Image Size:  527 x 296 mm
[    23.826] (II) modeset(0): h_active: 720  h_sync: 736  h_sync_end 798 h_blank_end 858 h_border: 0
[    23.826] (II) modeset(0): v_active: 480  v_sync: 489  v_sync_end 495 v_blanking: 525 v_border: 0
[    23.827] (II) modeset(0): Number of EDID sections to follow: 1
[    23.827] (II) modeset(0): EDID (in hex):
[    23.827] (II) modeset(0): 	00ffffffffffff0009d1e47845540000
[    23.827] (II) modeset(0): 	041d010380351e782eaf45a954509c25
[    23.827] (II) modeset(0): 	155054a56b80d1c081c081008180a9c0
[    23.827] (II) modeset(0): 	b30001010101023a801871382d40582c
[    23.827] (II) modeset(0): 	45000f282100001e000000ff0052314b
[    23.827] (II) modeset(0): 	30313636313031390a20000000fd0032
[    23.827] (II) modeset(0): 	4c1e5311000a202020202020000000fc
[    23.827] (II) modeset(0): 	0042656e51204757323437300a200143
[    23.827] (II) modeset(0): 	020322f14f901f051404130312071615
[    23.827] (II) modeset(0): 	01061102230907078301000065030c00
[    23.827] (II) modeset(0): 	1000023a801871382d40582c45000f28
[    23.827] (II) modeset(0): 	2100001e011d8018711c1620582c2500
[    23.827] (II) modeset(0): 	0f282100009e011d007251d01e206e28
[    23.827] (II) modeset(0): 	55000f282100001e8c0ad08a20e02d10
[    23.827] (II) modeset(0): 	103e96000f2821000018000000000000
[    23.827] (II) modeset(0): 	00000000000000000000000000000005
[    23.827] (II) modeset(0): Printing probed modes for output HDMI-1
[    23.827] (II) modeset(0): Modeline "1920x1080"x60.0  148.50  1920 2008 2052 2200  1080 1084 1089 1125 +hsync +vsync (67.5 kHz eP)
[    23.827] (II) modeset(0): Modeline "1920x1080"x50.0  148.50  1920 2448 2492 2640  1080 1084 1089 1125 +hsync +vsync (56.2 kHz e)
[    23.827] (II) modeset(0): Modeline "1920x1080"x59.9  148.35  1920 2008 2052 2200  1080 1084 1089 1125 +hsync +vsync (67.4 kHz e)
[    23.827] (II) modeset(0): Modeline "1920x1080i"x60.0   74.25  1920 2008 2052 2200  1080 1084 1094 1125 interlace +hsync +vsync (33.8 kHz e)
[    23.827] (II) modeset(0): Modeline "1920x1080i"x50.0   74.25  1920 2448 2492 2640  1080 1084 1094 1125 interlace +hsync +vsync (28.1 kHz e)
[    23.827] (II) modeset(0): Modeline "1920x1080i"x59.9   74.18  1920 2008 2052 2200  1080 1084 1094 1125 interlace +hsync +vsync (33.7 kHz e)
[    23.827] (II) modeset(0): Modeline "1680x1050"x59.9  119.00  1680 1728 1760 1840  1050 1053 1059 1080 +hsync -vsync (64.7 kHz e)
[    23.827] (II) modeset(0): Modeline "1600x900"x60.0  108.00  1600 1624 1704 1800  900 901 904 1000 +hsync +vsync (60.0 kHz e)
[    23.827] (II) modeset(0): Modeline "1280x1024"x75.0  135.00  1280 1296 1440 1688  1024 1025 1028 1066 +hsync +vsync (80.0 kHz e)
[    23.827] (II) modeset(0): Modeline "1280x1024"x60.0  108.00  1280 1328 1440 1688  1024 1025 1028 1066 +hsync +vsync (64.0 kHz e)
[    23.827] (II) modeset(0): Modeline "1280x800"x59.9   71.00  1280 1328 1360 1440  800 803 809 823 +hsync -vsync (49.3 kHz e)
[    23.827] (II) modeset(0): Modeline "1152x864"x75.0  108.00  1152 1216 1344 1600  864 865 868 900 +hsync +vsync (67.5 kHz e)
[    23.827] (II) modeset(0): Modeline "1280x720"x60.0   74.25  1280 1390 1430 1650  720 725 730 750 +hsync +vsync (45.0 kHz e)
[    23.827] (II) modeset(0): Modeline "1280x720"x50.0   74.25  1280 1720 1760 1980  720 725 730 750 +hsync +vsync (37.5 kHz e)
[    23.827] (II) modeset(0): Modeline "1280x720"x59.9   74.18  1280 1390 1430 1650  720 725 730 750 +hsync +vsync (45.0 kHz e)
[    23.827] (II) modeset(0): Modeline "1024x768"x75.0   78.75  1024 1040 1136 1312  768 769 772 800 +hsync +vsync (60.0 kHz e)
[    23.827] (II) modeset(0): Modeline "1024x768"x60.0   65.00  1024 1048 1184 1344  768 771 777 806 -hsync -vsync (48.4 kHz e)
[    23.827] (II) modeset(0): Modeline "832x624"x74.6   57.28  832 864 928 1152  624 625 628 667 -hsync -vsync (49.7 kHz e)
[    23.827] (II) modeset(0): Modeline "800x600"x75.0   49.50  800 816 896 1056  600 601 604 625 +hsync +vsync (46.9 kHz e)
[    23.827] (II) modeset(0): Modeline "800x600"x60.3   40.00  800 840 968 1056  600 601 605 628 +hsync +vsync (37.9 kHz e)
[    23.827] (II) modeset(0): Modeline "720x576"x50.0   27.00  720 732 796 864  576 581 586 625 -hsync -vsync (31.2 kHz e)
[    23.827] (II) modeset(0): Modeline "720x576i"x50.0   13.50  720 732 795 864  576 580 586 625 interlace -hsync -vsync (15.6 kHz e)
[    23.827] (II) modeset(0): Modeline "720x480"x60.0   27.03  720 736 798 858  480 489 495 525 -hsync -vsync (31.5 kHz e)
[    23.827] (II) modeset(0): Modeline "720x480"x59.9   27.00  720 736 798 858  480 489 495 525 -hsync -vsync (31.5 kHz e)
[    23.827] (II) modeset(0): Modeline "720x480i"x60.0   13.51  720 739 801 858  480 488 494 525 interlace -hsync -vsync (15.8 kHz e)
[    23.827] (II) modeset(0): Modeline "720x480i"x59.9   13.50  720 739 801 858  480 488 494 525 interlace -hsync -vsync (15.7 kHz e)
[    23.827] (II) modeset(0): Modeline "640x480"x75.0   31.50  640 656 720 840  480 481 484 500 -hsync -vsync (37.5 kHz e)
[    23.827] (II) modeset(0): Modeline "640x480"x60.0   25.20  640 656 752 800  480 490 492 525 -hsync -vsync (31.5 kHz e)
[    23.827] (II) modeset(0): Modeline "640x480"x59.9   25.18  640 656 752 800  480 490 492 525 -hsync -vsync (31.5 kHz e)
[    23.827] (II) modeset(0): Modeline "720x400"x70.1   28.32  720 738 846 900  400 412 414 449 -hsync +vsync (31.5 kHz e)
[    23.827] (II) modeset(0): Output eDP-1 connected
[    23.827] (II) modeset(0): Output HDMI-1 connected
[    23.827] (II) modeset(0): Using spanning desktop for initial modes
[    23.827] (II) modeset(0): Output eDP-1 using initial mode 1920x1080 +0+0
[    23.827] (II) modeset(0): Output HDMI-1 using initial mode 1920x1080 +1920+0
[    23.827] (==) modeset(0): Using gamma correction (1.0, 1.0, 1.0)
[    23.827] (==) modeset(0): DPI set to (96, 96)
[    23.827] (II) Loading sub module "fb"
[    23.827] (II) LoadModule: "fb"
[    23.828] (II) Loading /usr/lib/xorg/modules/libfb.so
[    23.829] (II) Module fb: vendor="X.Org Foundation"
[    23.829] 	compiled for 1.19.2, module version = 1.0.0
[    23.829] 	ABI class: X.Org ANSI C Emulation, version 0.4
[    23.829] (II) UnloadModule: "fbdev"
[    23.829] (II) Unloading fbdev
[    23.829] (II) UnloadSubModule: "fbdevhw"
[    23.830] (II) Unloading fbdevhw
[    23.830] (II) UnloadModule: "vesa"
[    23.830] (II) Unloading vesa
[    23.830] (==) Depth 24 pixmap format is 32 bpp
[    23.908] (==) modeset(0): Backing store enabled
[    23.908] (==) modeset(0): Silken mouse enabled
[    23.908] (II) modeset(0): RandR 1.2 enabled, ignore the following RandR disabled message.
[    23.934] (==) modeset(0): DPMS enabled
[    23.934] (II) modeset(0): [DRI2] Setup complete
[    23.934] (II) modeset(0): [DRI2]   DRI driver: i965
[    23.934] (II) modeset(0): [DRI2]   VDPAU driver: i965
[    23.934] (--) RandR disabled
[    23.936] (II) SELinux: Disabled on system
[    23.939] (II) AIGLX: enabled GLX_MESA_copy_sub_buffer
[    23.939] (II) AIGLX: enabled GLX_ARB_create_context
[    23.939] (II) AIGLX: enabled GLX_ARB_create_context_profile
[    23.939] (II) AIGLX: enabled GLX_EXT_create_context_es{,2}_profile
[    23.939] (II) AIGLX: enabled GLX_INTEL_swap_event
[    23.939] (II) AIGLX: enabled GLX_SGI_swap_control
[    23.939] (II) AIGLX: enabled GLX_EXT_framebuffer_sRGB
[    23.939] (II) AIGLX: enabled GLX_ARB_fbconfig_float
[    23.939] (II) AIGLX: enabled GLX_EXT_fbconfig_packed_float
[    23.939] (II) AIGLX: GLX_EXT_texture_from_pixmap backed by buffer objects
[    23.939] (II) AIGLX: enabled GLX_ARB_create_context_robustness
[    23.939] (II) AIGLX: Loaded and initialized i965
[    23.939] (II) GLX: Initialized DRI2 GL provider for screen 0
[    23.941] (II) modeset(0): Damage tracking initialized
[    23.941] (II) modeset(0): Setting screen physical size to 1016 x 285
[    24.355] (II) config/udev: Adding input device Power Button (/dev/input/event5)
[    24.355] (**) Power Button: Applying InputClass "libinput keyboard catchall"
[    24.355] (II) LoadModule: "libinput"
[    24.356] (II) Loading /usr/lib/xorg/modules/input/libinput_drv.so
[    24.385] (II) Module libinput: vendor="X.Org Foundation"
[    24.385] 	compiled for 1.19.0, module version = 0.23.0
[    24.385] 	Module class: X.Org XInput Driver
[    24.385] 	ABI class: X.Org XInput driver, version 24.1
[    24.385] (II) Using input driver 'libinput' for 'Power Button'
[    24.385] (**) Power Button: always reports core events
[    24.385] (**) Option "Device" "/dev/input/event5"
[    24.385] (**) Option "_source" "server/udev"
[    24.386] (II) input device 'Power Button', /dev/input/event5 is tagged by udev as: Keyboard
[    24.386] (II) input device 'Power Button', /dev/input/event5 is a keyboard
[    24.404] (**) Option "config_info" "udev:/sys/devices/LNXSYSTM:00/LNXPWRBN:00/input/input6/event5"
[    24.404] (II) XINPUT: Adding extended input device "Power Button" (type: KEYBOARD, id 6)
[    24.404] (**) Option "xkb_model" "pc105"
[    24.404] (**) Option "xkb_layout" "us"
[    24.405] (II) input device 'Power Button', /dev/input/event5 is tagged by udev as: Keyboard
[    24.406] (II) input device 'Power Button', /dev/input/event5 is a keyboard
[    24.407] (II) config/udev: Adding input device Video Bus (/dev/input/event9)
[    24.407] (**) Video Bus: Applying InputClass "libinput keyboard catchall"
[    24.407] (II) Using input driver 'libinput' for 'Video Bus'
[    24.407] (**) Video Bus: always reports core events
[    24.407] (**) Option "Device" "/dev/input/event9"
[    24.407] (**) Option "_source" "server/udev"
[    24.408] (II) input device 'Video Bus', /dev/input/event9 is tagged by udev as: Keyboard
[    24.408] (II) input device 'Video Bus', /dev/input/event9 is a keyboard
[    24.428] (**) Option "config_info" "udev:/sys/devices/LNXSYSTM:00/LNXSYBUS:00/PNP0A08:00/LNXVIDEO:00/input/input10/event9"
[    24.428] (II) XINPUT: Adding extended input device "Video Bus" (type: KEYBOARD, id 7)
[    24.428] (**) Option "xkb_model" "pc105"
[    24.428] (**) Option "xkb_layout" "us"
[    24.429] (II) input device 'Video Bus', /dev/input/event9 is tagged by udev as: Keyboard
[    24.429] (II) input device 'Video Bus', /dev/input/event9 is a keyboard
[    24.430] (II) config/udev: Adding input device Power Button (/dev/input/event3)
[    24.430] (**) Power Button: Applying InputClass "libinput keyboard catchall"
[    24.430] (II) Using input driver 'libinput' for 'Power Button'
[    24.430] (**) Power Button: always reports core events
[    24.430] (**) Option "Device" "/dev/input/event3"
[    24.430] (**) Option "_source" "server/udev"
[    24.431] (II) input device 'Power Button', /dev/input/event3 is tagged by udev as: Keyboard
[    24.431] (II) input device 'Power Button', /dev/input/event3 is a keyboard
[    24.452] (**) Option "config_info" "udev:/sys/devices/LNXSYSTM:00/LNXSYBUS:00/PNP0C0C:00/input/input4/event3"
[    24.452] (II) XINPUT: Adding extended input device "Power Button" (type: KEYBOARD, id 8)
[    24.452] (**) Option "xkb_model" "pc105"
[    24.452] (**) Option "xkb_layout" "us"
[    24.453] (II) input device 'Power Button', /dev/input/event3 is tagged by udev as: Keyboard
[    24.453] (II) input device 'Power Button', /dev/input/event3 is a keyboard
[    24.454] (II) config/udev: Adding input device Lid Switch (/dev/input/event2)
[    24.454] (II) No input driver specified, ignoring this device.
[    24.454] (II) This device may have been added with another device file.
[    24.455] (II) config/udev: Adding input device Sleep Button (/dev/input/event4)
[    24.455] (**) Sleep Button: Applying InputClass "libinput keyboard catchall"
[    24.455] (II) Using input driver 'libinput' for 'Sleep Button'
[    24.455] (**) Sleep Button: always reports core events
[    24.455] (**) Option "Device" "/dev/input/event4"
[    24.455] (**) Option "_source" "server/udev"
[    24.456] (II) input device 'Sleep Button', /dev/input/event4 is tagged by udev as: Keyboard
[    24.456] (II) input device 'Sleep Button', /dev/input/event4 is a keyboard
[    24.476] (**) Option "config_info" "udev:/sys/devices/LNXSYSTM:00/LNXSYBUS:00/PNP0C0E:00/input/input5/event4"
[    24.476] (II) XINPUT: Adding extended input device "Sleep Button" (type: KEYBOARD, id 9)
[    24.476] (**) Option "xkb_model" "pc105"
[    24.476] (**) Option "xkb_layout" "us"
[    24.477] (II) input device 'Sleep Button', /dev/input/event4 is tagged by udev as: Keyboard
[    24.477] (II) input device 'Sleep Button', /dev/input/event4 is a keyboard
[    24.479] (II) config/udev: Adding input device Integrated_Webcam_HD (/dev/input/event17)
[    24.479] (**) Integrated_Webcam_HD: Applying InputClass "libinput keyboard catchall"
[    24.479] (II) Using input driver 'libinput' for 'Integrated_Webcam_HD'
[    24.479] (**) Integrated_Webcam_HD: always reports core events
[    24.479] (**) Option "Device" "/dev/input/event17"
[    24.479] (**) Option "_source" "server/udev"
[    24.480] (II) input device 'Integrated_Webcam_HD', /dev/input/event17 is tagged by udev as: Keyboard
[    24.480] (II) input device 'Integrated_Webcam_HD', /dev/input/event17 is a keyboard
[    24.516] (**) Option "config_info" "udev:/sys/devices/pci0000:00/0000:00:14.0/usb1/1-5/1-5:1.0/input/input20/event17"
[    24.516] (II) XINPUT: Adding extended input device "Integrated_Webcam_HD" (type: KEYBOARD, id 10)
[    24.516] (**) Option "xkb_model" "pc105"
[    24.516] (**) Option "xkb_layout" "us"
[    24.517] (II) input device 'Integrated_Webcam_HD', /dev/input/event17 is tagged by udev as: Keyboard
[    24.517] (II) input device 'Integrated_Webcam_HD', /dev/input/event17 is a keyboard
[    24.519] (II) config/udev: Adding input device ELAN Touchscreen (/dev/input/event15)
[    24.519] (**) ELAN Touchscreen: Applying InputClass "libinput touchscreen catchall"
[    24.519] (II) Using input driver 'libinput' for 'ELAN Touchscreen'
[    24.519] (**) ELAN Touchscreen: always reports core events
[    24.519] (**) Option "Device" "/dev/input/event15"
[    24.519] (**) Option "_source" "server/udev"
[    24.520] (II) input device 'ELAN Touchscreen', /dev/input/event15 is tagged by udev as: Touchscreen
[    24.520] (II) input device 'ELAN Touchscreen', /dev/input/event15 is a touch device
[    24.556] (**) Option "config_info" "udev:/sys/devices/pci0000:00/0000:00:14.0/usb1/1-7/1-7:1.0/0003:04F3:2494.0005/input/input16/event15"
[    24.556] (II) XINPUT: Adding extended input device "ELAN Touchscreen" (type: TOUCHSCREEN, id 11)
[    24.556] (**) Option "AccelerationScheme" "none"
[    24.556] (**) ELAN Touchscreen: (accel) selected scheme none/0
[    24.556] (**) ELAN Touchscreen: (accel) acceleration factor: 2.000
[    24.556] (**) ELAN Touchscreen: (accel) acceleration threshold: 4
[    24.558] (II) input device 'ELAN Touchscreen', /dev/input/event15 is tagged by udev as: Touchscreen
[    24.558] (II) input device 'ELAN Touchscreen', /dev/input/event15 is a touch device
[    24.559] (II) config/udev: Adding input device ELAN Touchscreen (/dev/input/mouse1)
[    24.559] (II) No input driver specified, ignoring this device.
[    24.559] (II) This device may have been added with another device file.
[    24.561] (II) config/udev: Adding input device DELL0740:00 06CB:7E7E Touchpad (/dev/input/event16)
[    24.561] (**) DELL0740:00 06CB:7E7E Touchpad: Applying InputClass "libinput touchpad catchall"
[    24.561] (II) Using input driver 'libinput' for 'DELL0740:00 06CB:7E7E Touchpad'
[    24.561] (**) DELL0740:00 06CB:7E7E Touchpad: always reports core events
[    24.561] (**) Option "Device" "/dev/input/event16"
[    24.561] (**) Option "_source" "server/udev"
[    24.669] (II) input device 'DELL0740:00 06CB:7E7E Touchpad', /dev/input/event16 is tagged by udev as: Touchpad
[    24.669] (II) input device 'DELL0740:00 06CB:7E7E Touchpad', /dev/input/event16 is a touchpad
[    24.700] (**) Option "config_info" "udev:/sys/devices/pci0000:00/0000:00:15.0/i2c_designware.0/i2c-5/i2c-DELL0740:00/0018:06CB:7E7E.0006/input/input18/event16"
[    24.700] (II) XINPUT: Adding extended input device "DELL0740:00 06CB:7E7E Touchpad" (type: TOUCHPAD, id 12)
[    24.701] (**) Option "AccelerationScheme" "none"
[    24.701] (**) DELL0740:00 06CB:7E7E Touchpad: (accel) selected scheme none/0
[    24.701] (**) DELL0740:00 06CB:7E7E Touchpad: (accel) acceleration factor: 2.000
[    24.701] (**) DELL0740:00 06CB:7E7E Touchpad: (accel) acceleration threshold: 4
[    24.702] (II) input device 'DELL0740:00 06CB:7E7E Touchpad', /dev/input/event16 is tagged by udev as: Touchpad
[    24.703] (II) input device 'DELL0740:00 06CB:7E7E Touchpad', /dev/input/event16 is a touchpad
[    24.704] (II) config/udev: Adding input device DELL0740:00 06CB:7E7E Touchpad (/dev/input/mouse2)
[    24.704] (II) No input driver specified, ignoring this device.
[    24.704] (II) This device may have been added with another device file.
[    24.705] (II) config/udev: Adding input device Intel Virtual Button driver (/dev/input/event7)
[    24.705] (**) Intel Virtual Button driver: Applying InputClass "libinput keyboard catchall"
[    24.705] (II) Using input driver 'libinput' for 'Intel Virtual Button driver'
[    24.705] (**) Intel Virtual Button driver: always reports core events
[    24.705] (**) Option "Device" "/dev/input/event7"
[    24.705] (**) Option "_source" "server/udev"
[    24.706] (II) input device 'Intel Virtual Button driver', /dev/input/event7 is tagged by udev as: Keyboard
[    24.706] (II) input device 'Intel Virtual Button driver', /dev/input/event7 is a keyboard
[    24.724] (**) Option "config_info" "udev:/sys/devices/pci0000:00/0000:00:1f.0/PNP0C09:00/INT33D6:00/input/input8/event7"
[    24.724] (II) XINPUT: Adding extended input device "Intel Virtual Button driver" (type: KEYBOARD, id 13)
[    24.724] (**) Option "xkb_model" "pc105"
[    24.724] (**) Option "xkb_layout" "us"
[    24.725] (II) input device 'Intel Virtual Button driver', /dev/input/event7 is tagged by udev as: Keyboard
[    24.725] (II) input device 'Intel Virtual Button driver', /dev/input/event7 is a keyboard
[    24.726] (II) config/udev: Adding input device HDA Intel PCH Headphone Mic (/dev/input/event10)
[    24.726] (II) No input driver specified, ignoring this device.
[    24.726] (II) This device may have been added with another device file.
[    24.727] (II) config/udev: Adding input device HDA Intel PCH HDMI/DP,pcm=3 (/dev/input/event11)
[    24.727] (II) No input driver specified, ignoring this device.
[    24.727] (II) This device may have been added with another device file.
[    24.728] (II) config/udev: Adding input device HDA Intel PCH HDMI/DP,pcm=7 (/dev/input/event12)
[    24.728] (II) No input driver specified, ignoring this device.
[    24.728] (II) This device may have been added with another device file.
[    24.728] (II) config/udev: Adding input device HDA Intel PCH HDMI/DP,pcm=8 (/dev/input/event13)
[    24.729] (II) No input driver specified, ignoring this device.
[    24.729] (II) This device may have been added with another device file.
[    24.729] (II) config/udev: Adding input device Intel HID events (/dev/input/event6)
[    24.729] (**) Intel HID events: Applying InputClass "libinput keyboard catchall"
[    24.729] (II) Using input driver 'libinput' for 'Intel HID events'
[    24.729] (**) Intel HID events: always reports core events
[    24.729] (**) Option "Device" "/dev/input/event6"
[    24.729] (**) Option "_source" "server/udev"
[    24.730] (II) input device 'Intel HID events', /dev/input/event6 is tagged by udev as: Keyboard
[    24.730] (II) input device 'Intel HID events', /dev/input/event6 is a keyboard
[    24.748] (**) Option "config_info" "udev:/sys/devices/platform/INT33D5:00/input/input7/event6"
[    24.748] (II) XINPUT: Adding extended input device "Intel HID events" (type: KEYBOARD, id 14)
[    24.748] (**) Option "xkb_model" "pc105"
[    24.748] (**) Option "xkb_layout" "us"
[    24.749] (II) input device 'Intel HID events', /dev/input/event6 is tagged by udev as: Keyboard
[    24.749] (II) input device 'Intel HID events', /dev/input/event6 is a keyboard
[    24.750] (II) config/udev: Adding input device AT Translated Set 2 keyboard (/dev/input/event0)
[    24.750] (**) AT Translated Set 2 keyboard: Applying InputClass "libinput keyboard catchall"
[    24.750] (II) Using input driver 'libinput' for 'AT Translated Set 2 keyboard'
[    24.751] (**) AT Translated Set 2 keyboard: always reports core events
[    24.751] (**) Option "Device" "/dev/input/event0"
[    24.751] (**) Option "_source" "server/udev"
[    24.752] (II) input device 'AT Translated Set 2 keyboard', /dev/input/event0 is tagged by udev as: Keyboard
[    24.752] (II) input device 'AT Translated Set 2 keyboard', /dev/input/event0 is a keyboard
[    24.780] (**) Option "config_info" "udev:/sys/devices/platform/i8042/serio0/input/input0/event0"
[    24.780] (II) XINPUT: Adding extended input device "AT Translated Set 2 keyboard" (type: KEYBOARD, id 15)
[    24.780] (**) Option "xkb_model" "pc105"
[    24.780] (**) Option "xkb_layout" "us"
[    24.781] (II) input device 'AT Translated Set 2 keyboard', /dev/input/event0 is tagged by udev as: Keyboard
[    24.781] (II) input device 'AT Translated Set 2 keyboard', /dev/input/event0 is a keyboard
[    24.782] (II) config/udev: Adding input device SynPS/2 Synaptics TouchPad (/dev/input/event1)
[    24.782] (**) SynPS/2 Synaptics TouchPad: Applying InputClass "libinput touchpad catchall"
[    24.782] (II) Using input driver 'libinput' for 'SynPS/2 Synaptics TouchPad'
[    24.783] (**) SynPS/2 Synaptics TouchPad: always reports core events
[    24.783] (**) Option "Device" "/dev/input/event1"
[    24.783] (**) Option "_source" "server/udev"
[    24.783] (II) input device 'SynPS/2 Synaptics TouchPad', /dev/input/event1 is tagged by udev as: Touchpad
[    24.783] (II) SynPS/2 Synaptics TouchPad: no resolution or size hints, assuming a size of 69x50mm
[    24.783] (II) input device 'SynPS/2 Synaptics TouchPad', /dev/input/event1 is a touchpad
[    24.820] (**) Option "config_info" "udev:/sys/devices/platform/i8042/serio1/input/input2/event1"
[    24.820] (II) XINPUT: Adding extended input device "SynPS/2 Synaptics TouchPad" (type: TOUCHPAD, id 16)
[    24.820] (**) Option "AccelerationScheme" "none"
[    24.820] (**) SynPS/2 Synaptics TouchPad: (accel) selected scheme none/0
[    24.820] (**) SynPS/2 Synaptics TouchPad: (accel) acceleration factor: 2.000
[    24.820] (**) SynPS/2 Synaptics TouchPad: (accel) acceleration threshold: 4
[    24.822] (II) input device 'SynPS/2 Synaptics TouchPad', /dev/input/event1 is tagged by udev as: Touchpad
[    24.822] (II) SynPS/2 Synaptics TouchPad: no resolution or size hints, assuming a size of 69x50mm
[    24.822] (II) input device 'SynPS/2 Synaptics TouchPad', /dev/input/event1 is a touchpad
[    24.822] (II) config/udev: Adding input device SynPS/2 Synaptics TouchPad (/dev/input/mouse0)
[    24.823] (II) No input driver specified, ignoring this device.
[    24.823] (II) This device may have been added with another device file.
[    24.823] (II) config/udev: Adding input device PC Speaker (/dev/input/event8)
[    24.823] (II) No input driver specified, ignoring this device.
[    24.823] (II) This device may have been added with another device file.
[    24.825] (II) config/udev: Adding input device Dell WMI hotkeys (/dev/input/event14)
[    24.825] (**) Dell WMI hotkeys: Applying InputClass "libinput keyboard catchall"
[    24.825] (II) Using input driver 'libinput' for 'Dell WMI hotkeys'
[    24.825] (**) Dell WMI hotkeys: always reports core events
[    24.825] (**) Option "Device" "/dev/input/event14"
[    24.825] (**) Option "_source" "server/udev"
[    24.826] (II) input device 'Dell WMI hotkeys', /dev/input/event14 is tagged by udev as: Keyboard
[    24.826] (II) input device 'Dell WMI hotkeys', /dev/input/event14 is a keyboard
[    24.844] (**) Option "config_info" "udev:/sys/devices/virtual/input/input15/event14"
[    24.844] (II) XINPUT: Adding extended input device "Dell WMI hotkeys" (type: KEYBOARD, id 17)
[    24.844] (**) Option "xkb_model" "pc105"
[    24.844] (**) Option "xkb_layout" "us"
[    24.845] (II) input device 'Dell WMI hotkeys', /dev/input/event14 is tagged by udev as: Keyboard
[    24.845] (II) input device 'Dell WMI hotkeys', /dev/input/event14 is a keyboard
[   237.509] (II) modeset(0): EDID vendor "BNQ", prod id 30948
[   237.510] (II) modeset(0): Using EDID range info for horizontal sync
[   237.510] (II) modeset(0): Using EDID range info for vertical refresh
[   237.510] (II) modeset(0): Printing DDC gathered Modelines:
[   237.510] (II) modeset(0): Modeline "1920x1080"x0.0  148.50  1920 2008 2052 2200  1080 1084 1089 1125 +hsync +vsync (67.5 kHz eP)
[   237.510] (II) modeset(0): Modeline "1920x1080i"x0.0   74.25  1920 2008 2052 2200  1080 1084 1094 1125 interlace +hsync +vsync (33.8 kHz e)
[   237.510] (II) modeset(0): Modeline "1280x720"x0.0   74.25  1280 1390 1430 1650  720 725 730 750 +hsync +vsync (45.0 kHz e)
[   237.510] (II) modeset(0): Modeline "720x480"x0.0   27.00  720 736 798 858  480 489 495 525 -hsync -vsync (31.5 kHz e)
[   237.510] (II) modeset(0): Modeline "800x600"x0.0   40.00  800 840 968 1056  600 601 605 628 +hsync +vsync (37.9 kHz e)
[   237.510] (II) modeset(0): Modeline "640x480"x0.0   31.50  640 656 720 840  480 481 484 500 -hsync -vsync (37.5 kHz e)
[   237.510] (II) modeset(0): Modeline "640x480"x0.0   25.18  640 656 752 800  480 490 492 525 -hsync -vsync (31.5 kHz e)
[   237.510] (II) modeset(0): Modeline "720x400"x0.0   28.32  720 738 846 900  400 412 414 449 -hsync +vsync (31.5 kHz e)
[   237.510] (II) modeset(0): Modeline "1280x1024"x0.0  135.00  1280 1296 1440 1688  1024 1025 1028 1066 +hsync +vsync (80.0 kHz e)
[   237.510] (II) modeset(0): Modeline "1024x768"x0.0   78.75  1024 1040 1136 1312  768 769 772 800 +hsync +vsync (60.0 kHz e)
[   237.510] (II) modeset(0): Modeline "1024x768"x0.0   65.00  1024 1048 1184 1344  768 771 777 806 -hsync -vsync (48.4 kHz e)
[   237.510] (II) modeset(0): Modeline "832x624"x0.0   57.28  832 864 928 1152  624 625 628 667 -hsync -vsync (49.7 kHz e)
[   237.510] (II) modeset(0): Modeline "800x600"x0.0   49.50  800 816 896 1056  600 601 604 625 +hsync +vsync (46.9 kHz e)
[   237.510] (II) modeset(0): Modeline "1152x864"x0.0  108.00  1152 1216 1344 1600  864 865 868 900 +hsync +vsync (67.5 kHz e)
[   237.510] (II) modeset(0): Modeline "1920x1080"x60.0  172.80  1920 2040 2248 2576  1080 1081 1084 1118 -hsync +vsync (67.1 kHz e)
[   237.510] (II) modeset(0): Modeline "1280x720"x60.0   74.48  1280 1336 1472 1664  720 721 724 746 -hsync +vsync (44.8 kHz e)
[   237.510] (II) modeset(0): Modeline "1280x800"x0.0   71.00  1280 1328 1360 1440  800 803 809 823 +hsync -vsync (49.3 kHz e)
[   237.510] (II) modeset(0): Modeline "1280x1024"x0.0  108.00  1280 1328 1440 1688  1024 1025 1028 1066 +hsync +vsync (64.0 kHz e)
[   237.510] (II) modeset(0): Modeline "1600x900"x60.0  119.00  1600 1696 1864 2128  900 901 904 932 -hsync +vsync (55.9 kHz e)
[   237.510] (II) modeset(0): Modeline "1680x1050"x0.0  119.00  1680 1728 1760 1840  1050 1053 1059 1080 +hsync -vsync (64.7 kHz e)
[   237.510] (II) modeset(0): Modeline "720x576"x0.0   27.00  720 732 796 864  576 581 586 625 -hsync -vsync (31.2 kHz e)
[   237.510] (II) modeset(0): Modeline "1920x1080"x0.0   74.25  1920 2558 2602 2750  1080 1084 1089 1125 +hsync +vsync (27.0 kHz e)
[   237.510] (II) modeset(0): Modeline "1440x480i"x0.0   27.00  1440 1478 1602 1716  480 488 494 525 interlace -hsync -vsync (15.7 kHz e)
[   237.510] (II) modeset(0): Modeline "1440x576i"x0.0   27.00  1440 1464 1590 1728  576 580 586 625 interlace -hsync -vsync (15.6 kHz e)
[   237.510] (II) modeset(0): Modeline "1920x1080i"x0.0   74.25  1920 2448 2492 2640  1080 1084 1094 1125 interlace +hsync +vsync (28.1 kHz e)
[   237.510] (II) modeset(0): Modeline "1280x720"x0.0   74.25  1280 1720 1760 1980  720 725 730 750 +hsync +vsync (37.5 kHz e)
[   237.510] (II) modeset(0): Modeline "1440x240"x0.0   27.00  1440 1478 1602 1716  240 244 247 262 -hsync -vsync (15.7 kHz e)
[   237.510] (II) modeset(0): Modeline "1440x288"x0.0   27.00  1440 1464 1590 1728  288 290 293 312 -hsync -vsync (15.6 kHz e)
[   238.425] (II) modeset(0): Allocate new frame buffer 3840x1086 stride
[   242.627] (II) modeset(0): EDID vendor "BNQ", prod id 30948
[   242.627] (II) modeset(0): Using hsync ranges from config file
[   242.627] (II) modeset(0): Using vrefresh ranges from config file
[   242.627] (II) modeset(0): Printing DDC gathered Modelines:
[   242.627] (II) modeset(0): Modeline "1920x1080"x0.0  148.50  1920 2008 2052 2200  1080 1084 1089 1125 +hsync +vsync (67.5 kHz eP)
[   242.627] (II) modeset(0): Modeline "1920x1080i"x0.0   74.25  1920 2008 2052 2200  1080 1084 1094 1125 interlace +hsync +vsync (33.8 kHz e)
[   242.627] (II) modeset(0): Modeline "1280x720"x0.0   74.25  1280 1390 1430 1650  720 725 730 750 +hsync +vsync (45.0 kHz e)
[   242.627] (II) modeset(0): Modeline "720x480"x0.0   27.00  720 736 798 858  480 489 495 525 -hsync -vsync (31.5 kHz e)
[   242.627] (II) modeset(0): Modeline "800x600"x0.0   40.00  800 840 968 1056  600 601 605 628 +hsync +vsync (37.9 kHz e)
[   242.627] (II) modeset(0): Modeline "640x480"x0.0   31.50  640 656 720 840  480 481 484 500 -hsync -vsync (37.5 kHz e)
[   242.627] (II) modeset(0): Modeline "640x480"x0.0   25.18  640 656 752 800  480 490 492 525 -hsync -vsync (31.5 kHz e)
[   242.627] (II) modeset(0): Modeline "720x400"x0.0   28.32  720 738 846 900  400 412 414 449 -hsync +vsync (31.5 kHz e)
[   242.627] (II) modeset(0): Modeline "1280x1024"x0.0  135.00  1280 1296 1440 1688  1024 1025 1028 1066 +hsync +vsync (80.0 kHz e)
[   242.627] (II) modeset(0): Modeline "1024x768"x0.0   78.75  1024 1040 1136 1312  768 769 772 800 +hsync +vsync (60.0 kHz e)
[   242.627] (II) modeset(0): Modeline "1024x768"x0.0   65.00  1024 1048 1184 1344  768 771 777 806 -hsync -vsync (48.4 kHz e)
[   242.627] (II) modeset(0): Modeline "832x624"x0.0   57.28  832 864 928 1152  624 625 628 667 -hsync -vsync (49.7 kHz e)
[   242.627] (II) modeset(0): Modeline "800x600"x0.0   49.50  800 816 896 1056  600 601 604 625 +hsync +vsync (46.9 kHz e)
[   242.627] (II) modeset(0): Modeline "1152x864"x0.0  108.00  1152 1216 1344 1600  864 865 868 900 +hsync +vsync (67.5 kHz e)
[   242.627] (II) modeset(0): Modeline "1920x1080"x60.0  172.80  1920 2040 2248 2576  1080 1081 1084 1118 -hsync +vsync (67.1 kHz e)
[   242.627] (II) modeset(0): Modeline "1280x720"x60.0   74.48  1280 1336 1472 1664  720 721 724 746 -hsync +vsync (44.8 kHz e)
[   242.627] (II) modeset(0): Modeline "1280x800"x0.0   71.00  1280 1328 1360 1440  800 803 809 823 +hsync -vsync (49.3 kHz e)
[   242.627] (II) modeset(0): Modeline "1280x1024"x0.0  108.00  1280 1328 1440 1688  1024 1025 1028 1066 +hsync +vsync (64.0 kHz e)
[   242.627] (II) modeset(0): Modeline "1600x900"x60.0  119.00  1600 1696 1864 2128  900 901 904 932 -hsync +vsync (55.9 kHz e)
[   242.627] (II) modeset(0): Modeline "1680x1050"x0.0  119.00  1680 1728 1760 1840  1050 1053 1059 1080 +hsync -vsync (64.7 kHz e)
[   242.627] (II) modeset(0): Modeline "720x576"x0.0   27.00  720 732 796 864  576 581 586 625 -hsync -vsync (31.2 kHz e)
[   242.627] (II) modeset(0): Modeline "1920x1080"x0.0   74.25  1920 2558 2602 2750  1080 1084 1089 1125 +hsync +vsync (27.0 kHz e)
[   242.627] (II) modeset(0): Modeline "1440x480i"x0.0   27.00  1440 1478 1602 1716  480 488 494 525 interlace -hsync -vsync (15.7 kHz e)
[   242.627] (II) modeset(0): Modeline "1440x576i"x0.0   27.00  1440 1464 1590 1728  576 580 586 625 interlace -hsync -vsync (15.6 kHz e)
[   242.627] (II) modeset(0): Modeline "1920x1080i"x0.0   74.25  1920 2448 2492 2640  1080 1084 1094 1125 interlace +hsync +vsync (28.1 kHz e)
[   242.627] (II) modeset(0): Modeline "1280x720"x0.0   74.25  1280 1720 1760 1980  720 725 730 750 +hsync +vsync (37.5 kHz e)
[   242.627] (II) modeset(0): Modeline "1440x240"x0.0   27.00  1440 1478 1602 1716  240 244 247 262 -hsync -vsync (15.7 kHz e)
[   242.627] (II) modeset(0): Modeline "1440x288"x0.0   27.00  1440 1464 1590 1728  288 290 293 312 -hsync -vsync (15.6 kHz e)
[   243.350] (II) modeset(0): EDID vendor "BNQ", prod id 30948
[   243.350] (II) modeset(0): Using hsync ranges from config file
[   243.350] (II) modeset(0): Using vrefresh ranges from config file
[   243.350] (II) modeset(0): Printing DDC gathered Modelines:
[   243.350] (II) modeset(0): Modeline "1920x1080"x0.0  148.50  1920 2008 2052 2200  1080 1084 1089 1125 +hsync +vsync (67.5 kHz eP)
[   243.350] (II) modeset(0): Modeline "1920x1080i"x0.0   74.25  1920 2008 2052 2200  1080 1084 1094 1125 interlace +hsync +vsync (33.8 kHz e)
[   243.350] (II) modeset(0): Modeline "1280x720"x0.0   74.25  1280 1390 1430 1650  720 725 730 750 +hsync +vsync (45.0 kHz e)
[   243.350] (II) modeset(0): Modeline "720x480"x0.0   27.00  720 736 798 858  480 489 495 525 -hsync -vsync (31.5 kHz e)
[   243.350] (II) modeset(0): Modeline "800x600"x0.0   40.00  800 840 968 1056  600 601 605 628 +hsync +vsync (37.9 kHz e)
[   243.350] (II) modeset(0): Modeline "640x480"x0.0   31.50  640 656 720 840  480 481 484 500 -hsync -vsync (37.5 kHz e)
[   243.350] (II) modeset(0): Modeline "640x480"x0.0   25.18  640 656 752 800  480 490 492 525 -hsync -vsync (31.5 kHz e)
[   243.350] (II) modeset(0): Modeline "720x400"x0.0   28.32  720 738 846 900  400 412 414 449 -hsync +vsync (31.5 kHz e)
[   243.350] (II) modeset(0): Modeline "1280x1024"x0.0  135.00  1280 1296 1440 1688  1024 1025 1028 1066 +hsync +vsync (80.0 kHz e)
[   243.350] (II) modeset(0): Modeline "1024x768"x0.0   78.75  1024 1040 1136 1312  768 769 772 800 +hsync +vsync (60.0 kHz e)
[   243.350] (II) modeset(0): Modeline "1024x768"x0.0   65.00  1024 1048 1184 1344  768 771 777 806 -hsync -vsync (48.4 kHz e)
[   243.350] (II) modeset(0): Modeline "832x624"x0.0   57.28  832 864 928 1152  624 625 628 667 -hsync -vsync (49.7 kHz e)
[   243.350] (II) modeset(0): Modeline "800x600"x0.0   49.50  800 816 896 1056  600 601 604 625 +hsync +vsync (46.9 kHz e)
[   243.350] (II) modeset(0): Modeline "1152x864"x0.0  108.00  1152 1216 1344 1600  864 865 868 900 +hsync +vsync (67.5 kHz e)
[   243.350] (II) modeset(0): Modeline "1920x1080"x60.0  172.80  1920 2040 2248 2576  1080 1081 1084 1118 -hsync +vsync (67.1 kHz e)
[   243.350] (II) modeset(0): Modeline "1280x720"x60.0   74.48  1280 1336 1472 1664  720 721 724 746 -hsync +vsync (44.8 kHz e)
[   243.350] (II) modeset(0): Modeline "1280x800"x0.0   71.00  1280 1328 1360 1440  800 803 809 823 +hsync -vsync (49.3 kHz e)
[   243.350] (II) modeset(0): Modeline "1280x1024"x0.0  108.00  1280 1328 1440 1688  1024 1025 1028 1066 +hsync +vsync (64.0 kHz e)
[   243.350] (II) modeset(0): Modeline "1600x900"x60.0  119.00  1600 1696 1864 2128  900 901 904 932 -hsync +vsync (55.9 kHz e)
[   243.350] (II) modeset(0): Modeline "1680x1050"x0.0  119.00  1680 1728 1760 1840  1050 1053 1059 1080 +hsync -vsync (64.7 kHz e)
[   243.350] (II) modeset(0): Modeline "720x576"x0.0   27.00  720 732 796 864  576 581 586 625 -hsync -vsync (31.2 kHz e)
[   243.350] (II) modeset(0): Modeline "1920x1080"x0.0   74.25  1920 2558 2602 2750  1080 1084 1089 1125 +hsync +vsync (27.0 kHz e)
[   243.350] (II) modeset(0): Modeline "1440x480i"x0.0   27.00  1440 1478 1602 1716  480 488 494 525 interlace -hsync -vsync (15.7 kHz e)
[   243.350] (II) modeset(0): Modeline "1440x576i"x0.0   27.00  1440 1464 1590 1728  576 580 586 625 interlace -hsync -vsync (15.6 kHz e)
[   243.350] (II) modeset(0): Modeline "1920x1080i"x0.0   74.25  1920 2448 2492 2640  1080 1084 1094 1125 interlace +hsync +vsync (28.1 kHz e)
[   243.350] (II) modeset(0): Modeline "1280x720"x0.0   74.25  1280 1720 1760 1980  720 725 730 750 +hsync +vsync (37.5 kHz e)
[   243.350] (II) modeset(0): Modeline "1440x240"x0.0   27.00  1440 1478 1602 1716  240 244 247 262 -hsync -vsync (15.7 kHz e)
[   243.350] (II) modeset(0): Modeline "1440x288"x0.0   27.00  1440 1464 1590 1728  288 290 293 312 -hsync -vsync (15.6 kHz e)
[  8132.582] (EE) kernel bug: Touch jump detected and discarded.
See https://wayland.freedesktop.org/libinput/doc/1.6.3/touchpad_jumping_cursor.html for details
[ 10129.958] (EE) kernel bug: Touch jump detected and discarded.
See https://wayland.freedesktop.org/libinput/doc/1.6.3/touchpad_jumping_cursor.html for details
[ 16148.089] (II) modeset(0): EDID vendor "BNQ", prod id 30948
[ 16148.090] (II) modeset(0): Using hsync ranges from config file
[ 16148.090] (II) modeset(0): Using vrefresh ranges from config file
[ 16148.090] (II) modeset(0): Printing DDC gathered Modelines:
[ 16148.090] (II) modeset(0): Modeline "1920x1080"x0.0  148.50  1920 2008 2052 2200  1080 1084 1089 1125 +hsync +vsync (67.5 kHz eP)
[ 16148.090] (II) modeset(0): Modeline "1920x1080i"x0.0   74.25  1920 2008 2052 2200  1080 1084 1094 1125 interlace +hsync +vsync (33.8 kHz e)
[ 16148.090] (II) modeset(0): Modeline "1280x720"x0.0   74.25  1280 1390 1430 1650  720 725 730 750 +hsync +vsync (45.0 kHz e)
[ 16148.090] (II) modeset(0): Modeline "720x480"x0.0   27.00  720 736 798 858  480 489 495 525 -hsync -vsync (31.5 kHz e)
[ 16148.090] (II) modeset(0): Modeline "800x600"x0.0   40.00  800 840 968 1056  600 601 605 628 +hsync +vsync (37.9 kHz e)
[ 16148.090] (II) modeset(0): Modeline "640x480"x0.0   31.50  640 656 720 840  480 481 484 500 -hsync -vsync (37.5 kHz e)
[ 16148.090] (II) modeset(0): Modeline "640x480"x0.0   25.18  640 656 752 800  480 490 492 525 -hsync -vsync (31.5 kHz e)
[ 16148.090] (II) modeset(0): Modeline "720x400"x0.0   28.32  720 738 846 900  400 412 414 449 -hsync +vsync (31.5 kHz e)
[ 16148.090] (II) modeset(0): Modeline "1280x1024"x0.0  135.00  1280 1296 1440 1688  1024 1025 1028 1066 +hsync +vsync (80.0 kHz e)
[ 16148.090] (II) modeset(0): Modeline "1024x768"x0.0   78.75  1024 1040 1136 1312  768 769 772 800 +hsync +vsync (60.0 kHz e)
[ 16148.090] (II) modeset(0): Modeline "1024x768"x0.0   65.00  1024 1048 1184 1344  768 771 777 806 -hsync -vsync (48.4 kHz e)
[ 16148.090] (II) modeset(0): Modeline "832x624"x0.0   57.28  832 864 928 1152  624 625 628 667 -hsync -vsync (49.7 kHz e)
[ 16148.090] (II) modeset(0): Modeline "800x600"x0.0   49.50  800 816 896 1056  600 601 604 625 +hsync +vsync (46.9 kHz e)
[ 16148.090] (II) modeset(0): Modeline "1152x864"x0.0  108.00  1152 1216 1344 1600  864 865 868 900 +hsync +vsync (67.5 kHz e)
[ 16148.090] (II) modeset(0): Modeline "1920x1080"x60.0  172.80  1920 2040 2248 2576  1080 1081 1084 1118 -hsync +vsync (67.1 kHz e)
[ 16148.090] (II) modeset(0): Modeline "1280x720"x60.0   74.48  1280 1336 1472 1664  720 721 724 746 -hsync +vsync (44.8 kHz e)
[ 16148.090] (II) modeset(0): Modeline "1280x800"x0.0   71.00  1280 1328 1360 1440  800 803 809 823 +hsync -vsync (49.3 kHz e)
[ 16148.090] (II) modeset(0): Modeline "1280x1024"x0.0  108.00  1280 1328 1440 1688  1024 1025 1028 1066 +hsync +vsync (64.0 kHz e)
[ 16148.090] (II) modeset(0): Modeline "1600x900"x60.0  119.00  1600 1696 1864 2128  900 901 904 932 -hsync +vsync (55.9 kHz e)
[ 16148.090] (II) modeset(0): Modeline "1680x1050"x0.0  119.00  1680 1728 1760 1840  1050 1053 1059 1080 +hsync -vsync (64.7 kHz e)
[ 16148.090] (II) modeset(0): Modeline "720x576"x0.0   27.00  720 732 796 864  576 581 586 625 -hsync -vsync (31.2 kHz e)
[ 16148.090] (II) modeset(0): Modeline "1920x1080"x0.0   74.25  1920 2558 2602 2750  1080 1084 1089 1125 +hsync +vsync (27.0 kHz e)
[ 16148.090] (II) modeset(0): Modeline "1440x480i"x0.0   27.00  1440 1478 1602 1716  480 488 494 525 interlace -hsync -vsync (15.7 kHz e)
[ 16148.090] (II) modeset(0): Modeline "1440x576i"x0.0   27.00  1440 1464 1590 1728  576 580 586 625 interlace -hsync -vsync (15.6 kHz e)
[ 16148.090] (II) modeset(0): Modeline "1920x1080i"x0.0   74.25  1920 2448 2492 2640  1080 1084 1094 1125 interlace +hsync +vsync (28.1 kHz e)
[ 16148.090] (II) modeset(0): Modeline "1280x720"x0.0   74.25  1280 1720 1760 1980  720 725 730 750 +hsync +vsync (37.5 kHz e)
[ 16148.090] (II) modeset(0): Modeline "1440x240"x0.0   27.00  1440 1478 1602 1716  240 244 247 262 -hsync -vsync (15.7 kHz e)
[ 16148.090] (II) modeset(0): Modeline "1440x288"x0.0   27.00  1440 1464 1590 1728  288 290 293 312 -hsync -vsync (15.6 kHz e)
[ 16148.125] (II) modeset(0): EDID vendor "BNQ", prod id 30948
[ 16148.125] (II) modeset(0): Using hsync ranges from config file
[ 16148.125] (II) modeset(0): Using vrefresh ranges from config file
[ 16148.125] (II) modeset(0): Printing DDC gathered Modelines:
[ 16148.125] (II) modeset(0): Modeline "1920x1080"x0.0  148.50  1920 2008 2052 2200  1080 1084 1089 1125 +hsync +vsync (67.5 kHz eP)
[ 16148.125] (II) modeset(0): Modeline "1920x1080i"x0.0   74.25  1920 2008 2052 2200  1080 1084 1094 1125 interlace +hsync +vsync (33.8 kHz e)
[ 16148.125] (II) modeset(0): Modeline "1280x720"x0.0   74.25  1280 1390 1430 1650  720 725 730 750 +hsync +vsync (45.0 kHz e)
[ 16148.125] (II) modeset(0): Modeline "720x480"x0.0   27.00  720 736 798 858  480 489 495 525 -hsync -vsync (31.5 kHz e)
[ 16148.125] (II) modeset(0): Modeline "800x600"x0.0   40.00  800 840 968 1056  600 601 605 628 +hsync +vsync (37.9 kHz e)
[ 16148.125] (II) modeset(0): Modeline "640x480"x0.0   31.50  640 656 720 840  480 481 484 500 -hsync -vsync (37.5 kHz e)
[ 16148.125] (II) modeset(0): Modeline "640x480"x0.0   25.18  640 656 752 800  480 490 492 525 -hsync -vsync (31.5 kHz e)
[ 16148.125] (II) modeset(0): Modeline "720x400"x0.0   28.32  720 738 846 900  400 412 414 449 -hsync +vsync (31.5 kHz e)
[ 16148.125] (II) modeset(0): Modeline "1280x1024"x0.0  135.00  1280 1296 1440 1688  1024 1025 1028 1066 +hsync +vsync (80.0 kHz e)
[ 16148.125] (II) modeset(0): Modeline "1024x768"x0.0   78.75  1024 1040 1136 1312  768 769 772 800 +hsync +vsync (60.0 kHz e)
[ 16148.125] (II) modeset(0): Modeline "1024x768"x0.0   65.00  1024 1048 1184 1344  768 771 777 806 -hsync -vsync (48.4 kHz e)
[ 16148.125] (II) modeset(0): Modeline "832x624"x0.0   57.28  832 864 928 1152  624 625 628 667 -hsync -vsync (49.7 kHz e)
[ 16148.125] (II) modeset(0): Modeline "800x600"x0.0   49.50  800 816 896 1056  600 601 604 625 +hsync +vsync (46.9 kHz e)
[ 16148.125] (II) modeset(0): Modeline "1152x864"x0.0  108.00  1152 1216 1344 1600  864 865 868 900 +hsync +vsync (67.5 kHz e)
[ 16148.125] (II) modeset(0): Modeline "1920x1080"x60.0  172.80  1920 2040 2248 2576  1080 1081 1084 1118 -hsync +vsync (67.1 kHz e)
[ 16148.125] (II) modeset(0): Modeline "1280x720"x60.0   74.48  1280 1336 1472 1664  720 721 724 746 -hsync +vsync (44.8 kHz e)
[ 16148.125] (II) modeset(0): Modeline "1280x800"x0.0   71.00  1280 1328 1360 1440  800 803 809 823 +hsync -vsync (49.3 kHz e)
[ 16148.125] (II) modeset(0): Modeline "1280x1024"x0.0  108.00  1280 1328 1440 1688  1024 1025 1028 1066 +hsync +vsync (64.0 kHz e)
[ 16148.125] (II) modeset(0): Modeline "1600x900"x60.0  119.00  1600 1696 1864 2128  900 901 904 932 -hsync +vsync (55.9 kHz e)
[ 16148.125] (II) modeset(0): Modeline "1680x1050"x0.0  119.00  1680 1728 1760 1840  1050 1053 1059 1080 +hsync -vsync (64.7 kHz e)
[ 16148.125] (II) modeset(0): Modeline "720x576"x0.0   27.00  720 732 796 864  576 581 586 625 -hsync -vsync (31.2 kHz e)
[ 16148.125] (II) modeset(0): Modeline "1920x1080"x0.0   74.25  1920 2558 2602 2750  1080 1084 1089 1125 +hsync +vsync (27.0 kHz e)
[ 16148.125] (II) modeset(0): Modeline "1440x480i"x0.0   27.00  1440 1478 1602 1716  480 488 494 525 interlace -hsync -vsync (15.7 kHz e)
[ 16148.125] (II) modeset(0): Modeline "1440x576i"x0.0   27.00  1440 1464 1590 1728  576 580 586 625 interlace -hsync -vsync (15.6 kHz e)
[ 16148.125] (II) modeset(0): Modeline "1920x1080i"x0.0   74.25  1920 2448 2492 2640  1080 1084 1094 1125 interlace +hsync +vsync (28.1 kHz e)
[ 16148.125] (II) modeset(0): Modeline "1280x720"x0.0   74.25  1280 1720 1760 1980  720 725 730 750 +hsync +vsync (37.5 kHz e)
[ 16148.125] (II) modeset(0): Modeline "1440x240"x0.0   27.00  1440 1478 1602 1716  240 244 247 262 -hsync -vsync (15.7 kHz e)
[ 16148.125] (II) modeset(0): Modeline "1440x288"x0.0   27.00  1440 1464 1590 1728  288 290 293 312 -hsync -vsync (15.6 kHz e)
[ 16148.429] (II) modeset(0): Allocate new frame buffer 1920x1080 stride
[ 16149.163] (II) modeset(0): EDID vendor "BNQ", prod id 30948
[ 16149.163] (II) modeset(0): Using hsync ranges from config file
[ 16149.163] (II) modeset(0): Using vrefresh ranges from config file
[ 16149.163] (II) modeset(0): Printing DDC gathered Modelines:
[ 16149.163] (II) modeset(0): Modeline "1920x1080"x0.0  148.50  1920 2008 2052 2200  1080 1084 1089 1125 +hsync +vsync (67.5 kHz eP)
[ 16149.163] (II) modeset(0): Modeline "1920x1080i"x0.0   74.25  1920 2008 2052 2200  1080 1084 1094 1125 interlace +hsync +vsync (33.8 kHz e)
[ 16149.163] (II) modeset(0): Modeline "1280x720"x0.0   74.25  1280 1390 1430 1650  720 725 730 750 +hsync +vsync (45.0 kHz e)
[ 16149.163] (II) modeset(0): Modeline "720x480"x0.0   27.00  720 736 798 858  480 489 495 525 -hsync -vsync (31.5 kHz e)
[ 16149.163] (II) modeset(0): Modeline "800x600"x0.0   40.00  800 840 968 1056  600 601 605 628 +hsync +vsync (37.9 kHz e)
[ 16149.163] (II) modeset(0): Modeline "640x480"x0.0   31.50  640 656 720 840  480 481 484 500 -hsync -vsync (37.5 kHz e)
[ 16149.163] (II) modeset(0): Modeline "640x480"x0.0   25.18  640 656 752 800  480 490 492 525 -hsync -vsync (31.5 kHz e)
[ 16149.163] (II) modeset(0): Modeline "720x400"x0.0   28.32  720 738 846 900  400 412 414 449 -hsync +vsync (31.5 kHz e)
[ 16149.163] (II) modeset(0): Modeline "1280x1024"x0.0  135.00  1280 1296 1440 1688  1024 1025 1028 1066 +hsync +vsync (80.0 kHz e)
[ 16149.163] (II) modeset(0): Modeline "1024x768"x0.0   78.75  1024 1040 1136 1312  768 769 772 800 +hsync +vsync (60.0 kHz e)
[ 16149.163] (II) modeset(0): Modeline "1024x768"x0.0   65.00  1024 1048 1184 1344  768 771 777 806 -hsync -vsync (48.4 kHz e)
[ 16149.163] (II) modeset(0): Modeline "832x624"x0.0   57.28  832 864 928 1152  624 625 628 667 -hsync -vsync (49.7 kHz e)
[ 16149.163] (II) modeset(0): Modeline "800x600"x0.0   49.50  800 816 896 1056  600 601 604 625 +hsync +vsync (46.9 kHz e)
[ 16149.163] (II) modeset(0): Modeline "1152x864"x0.0  108.00  1152 1216 1344 1600  864 865 868 900 +hsync +vsync (67.5 kHz e)
[ 16149.163] (II) modeset(0): Modeline "1920x1080"x60.0  172.80  1920 2040 2248 2576  1080 1081 1084 1118 -hsync +vsync (67.1 kHz e)
[ 16149.163] (II) modeset(0): Modeline "1280x720"x60.0   74.48  1280 1336 1472 1664  720 721 724 746 -hsync +vsync (44.8 kHz e)
[ 16149.163] (II) modeset(0): Modeline "1280x800"x0.0   71.00  1280 1328 1360 1440  800 803 809 823 +hsync -vsync (49.3 kHz e)
[ 16149.163] (II) modeset(0): Modeline "1280x1024"x0.0  108.00  1280 1328 1440 1688  1024 1025 1028 1066 +hsync +vsync (64.0 kHz e)
[ 16149.163] (II) modeset(0): Modeline "1600x900"x60.0  119.00  1600 1696 1864 2128  900 901 904 932 -hsync +vsync (55.9 kHz e)
[ 16149.163] (II) modeset(0): Modeline "1680x1050"x0.0  119.00  1680 1728 1760 1840  1050 1053 1059 1080 +hsync -vsync (64.7 kHz e)
[ 16149.163] (II) modeset(0): Modeline "720x576"x0.0   27.00  720 732 796 864  576 581 586 625 -hsync -vsync (31.2 kHz e)
[ 16149.163] (II) modeset(0): Modeline "1920x1080"x0.0   74.25  1920 2558 2602 2750  1080 1084 1089 1125 +hsync +vsync (27.0 kHz e)
[ 16149.163] (II) modeset(0): Modeline "1440x480i"x0.0   27.00  1440 1478 1602 1716  480 488 494 525 interlace -hsync -vsync (15.7 kHz e)
[ 16149.163] (II) modeset(0): Modeline "1440x576i"x0.0   27.00  1440 1464 1590 1728  576 580 586 625 interlace -hsync -vsync (15.6 kHz e)
[ 16149.163] (II) modeset(0): Modeline "1920x1080i"x0.0   74.25  1920 2448 2492 2640  1080 1084 1094 1125 interlace +hsync +vsync (28.1 kHz e)
[ 16149.163] (II) modeset(0): Modeline "1280x720"x0.0   74.25  1280 1720 1760 1980  720 725 730 750 +hsync +vsync (37.5 kHz e)
[ 16149.163] (II) modeset(0): Modeline "1440x240"x0.0   27.00  1440 1478 1602 1716  240 244 247 262 -hsync -vsync (15.7 kHz e)
[ 16149.163] (II) modeset(0): Modeline "1440x288"x0.0   27.00  1440 1464 1590 1728  288 290 293 312 -hsync -vsync (15.6 kHz e)
[ 16149.481] (II) modeset(0): EDID vendor "BNQ", prod id 30948
[ 16149.481] (II) modeset(0): Using hsync ranges from config file
[ 16149.481] (II) modeset(0): Using vrefresh ranges from config file
[ 16149.481] (II) modeset(0): Printing DDC gathered Modelines:
[ 16149.481] (II) modeset(0): Modeline "1920x1080"x0.0  148.50  1920 2008 2052 2200  1080 1084 1089 1125 +hsync +vsync (67.5 kHz eP)
[ 16149.481] (II) modeset(0): Modeline "1920x1080i"x0.0   74.25  1920 2008 2052 2200  1080 1084 1094 1125 interlace +hsync +vsync (33.8 kHz e)
[ 16149.481] (II) modeset(0): Modeline "1280x720"x0.0   74.25  1280 1390 1430 1650  720 725 730 750 +hsync +vsync (45.0 kHz e)
[ 16149.481] (II) modeset(0): Modeline "720x480"x0.0   27.00  720 736 798 858  480 489 495 525 -hsync -vsync (31.5 kHz e)
[ 16149.481] (II) modeset(0): Modeline "800x600"x0.0   40.00  800 840 968 1056  600 601 605 628 +hsync +vsync (37.9 kHz e)
[ 16149.481] (II) modeset(0): Modeline "640x480"x0.0   31.50  640 656 720 840  480 481 484 500 -hsync -vsync (37.5 kHz e)
[ 16149.481] (II) modeset(0): Modeline "640x480"x0.0   25.18  640 656 752 800  480 490 492 525 -hsync -vsync (31.5 kHz e)
[ 16149.481] (II) modeset(0): Modeline "720x400"x0.0   28.32  720 738 846 900  400 412 414 449 -hsync +vsync (31.5 kHz e)
[ 16149.481] (II) modeset(0): Modeline "1280x1024"x0.0  135.00  1280 1296 1440 1688  1024 1025 1028 1066 +hsync +vsync (80.0 kHz e)
[ 16149.481] (II) modeset(0): Modeline "1024x768"x0.0   78.75  1024 1040 1136 1312  768 769 772 800 +hsync +vsync (60.0 kHz e)
[ 16149.481] (II) modeset(0): Modeline "1024x768"x0.0   65.00  1024 1048 1184 1344  768 771 777 806 -hsync -vsync (48.4 kHz e)
[ 16149.481] (II) modeset(0): Modeline "832x624"x0.0   57.28  832 864 928 1152  624 625 628 667 -hsync -vsync (49.7 kHz e)
[ 16149.481] (II) modeset(0): Modeline "800x600"x0.0   49.50  800 816 896 1056  600 601 604 625 +hsync +vsync (46.9 kHz e)
[ 16149.481] (II) modeset(0): Modeline "1152x864"x0.0  108.00  1152 1216 1344 1600  864 865 868 900 +hsync +vsync (67.5 kHz e)
[ 16149.481] (II) modeset(0): Modeline "1920x1080"x60.0  172.80  1920 2040 2248 2576  1080 1081 1084 1118 -hsync +vsync (67.1 kHz e)
[ 16149.481] (II) modeset(0): Modeline "1280x720"x60.0   74.48  1280 1336 1472 1664  720 721 724 746 -hsync +vsync (44.8 kHz e)
[ 16149.481] (II) modeset(0): Modeline "1280x800"x0.0   71.00  1280 1328 1360 1440  800 803 809 823 +hsync -vsync (49.3 kHz e)
[ 16149.481] (II) modeset(0): Modeline "1280x1024"x0.0  108.00  1280 1328 1440 1688  1024 1025 1028 1066 +hsync +vsync (64.0 kHz e)
[ 16149.481] (II) modeset(0): Modeline "1600x900"x60.0  119.00  1600 1696 1864 2128  900 901 904 932 -hsync +vsync (55.9 kHz e)
[ 16149.481] (II) modeset(0): Modeline "1680x1050"x0.0  119.00  1680 1728 1760 1840  1050 1053 1059 1080 +hsync -vsync (64.7 kHz e)
[ 16149.481] (II) modeset(0): Modeline "720x576"x0.0   27.00  720 732 796 864  576 581 586 625 -hsync -vsync (31.2 kHz e)
[ 16149.481] (II) modeset(0): Modeline "1920x1080"x0.0   74.25  1920 2558 2602 2750  1080 1084 1089 1125 +hsync +vsync (27.0 kHz e)
[ 16149.481] (II) modeset(0): Modeline "1440x480i"x0.0   27.00  1440 1478 1602 1716  480 488 494 525 interlace -hsync -vsync (15.7 kHz e)
[ 16149.481] (II) modeset(0): Modeline "1440x576i"x0.0   27.00  1440 1464 1590 1728  576 580 586 625 interlace -hsync -vsync (15.6 kHz e)
[ 16149.481] (II) modeset(0): Modeline "1920x1080i"x0.0   74.25  1920 2448 2492 2640  1080 1084 1094 1125 interlace +hsync +vsync (28.1 kHz e)
[ 16149.481] (II) modeset(0): Modeline "1280x720"x0.0   74.25  1280 1720 1760 1980  720 725 730 750 +hsync +vsync (37.5 kHz e)
[ 16149.481] (II) modeset(0): Modeline "1440x240"x0.0   27.00  1440 1478 1602 1716  240 244 247 262 -hsync -vsync (15.7 kHz e)
[ 16149.481] (II) modeset(0): Modeline "1440x288"x0.0   27.00  1440 1464 1590 1728  288 290 293 312 -hsync -vsync (15.6 kHz e)
[ 16164.623] (II) modeset(0): EDID vendor "BOE", prod id 1703
[ 16164.623] (II) modeset(0): Printing DDC gathered Modelines:
[ 16164.623] (II) modeset(0): Modeline "1920x1080"x0.0  138.78  1920 1968 2000 2080  1080 1083 1088 1112 +hsync -vsync (66.7 kHz eP)
[ 16164.623] (II) modeset(0): Modeline "1920x1080"x0.0  111.02  1920 1968 2000 2080  1080 1083 1088 1112 +hsync -vsync (53.4 kHz e)
[ 16166.116] (II) modeset(0): EDID vendor "BOE", prod id 1703
[ 16166.116] (II) modeset(0): Printing DDC gathered Modelines:
[ 16166.116] (II) modeset(0): Modeline "1920x1080"x0.0  138.78  1920 1968 2000 2080  1080 1083 1088 1112 +hsync -vsync (66.7 kHz eP)
[ 16166.116] (II) modeset(0): Modeline "1920x1080"x0.0  111.02  1920 1968 2000 2080  1080 1083 1088 1112 +hsync -vsync (53.4 kHz e)
[ 16167.150] (II) modeset(0): EDID vendor "BOE", prod id 1703
[ 16167.150] (II) modeset(0): Printing DDC gathered Modelines:
[ 16167.150] (II) modeset(0): Modeline "1920x1080"x0.0  138.78  1920 1968 2000 2080  1080 1083 1088 1112 +hsync -vsync (66.7 kHz eP)
[ 16167.150] (II) modeset(0): Modeline "1920x1080"x0.0  111.02  1920 1968 2000 2080  1080 1083 1088 1112 +hsync -vsync (53.4 kHz e)
[ 16171.196] (II) modeset(0): EDID vendor "BOE", prod id 1703
[ 16171.196] (II) modeset(0): Printing DDC gathered Modelines:
[ 16171.196] (II) modeset(0): Modeline "1920x1080"x0.0  138.78  1920 1968 2000 2080  1080 1083 1088 1112 +hsync -vsync (66.7 kHz eP)
[ 16171.196] (II) modeset(0): Modeline "1920x1080"x0.0  111.02  1920 1968 2000 2080  1080 1083 1088 1112 +hsync -vsync (53.4 kHz e)
[ 16178.983] (II) config/udev: removing device SynPS/2 Synaptics TouchPad
[ 16179.014] (II) UnloadModule: "libinput"
